<?xml version="1.0" encoding="UTF-8"?>
<coverage generated="1643714602984" clover="3.2.0">
  <project timestamp="1643714602984" name="All files">
    <metrics statements="89" coveredstatements="89" conditionals="40" coveredconditionals="39" methods="19" coveredmethods="19" elements="148" coveredelements="147" complexity="0" loc="89" ncloc="89" packages="3" files="8" classes="8"/>
    <package name="src">
      <metrics statements="23" coveredstatements="23" conditionals="11" coveredconditionals="11" methods="3" coveredmethods="3"/>
      <file name="getComparisons.js" path="C:\Users\kobys\Desktop\2_project\frontend-project-lvl2\src\getComparisons.js">
        <metrics statements="17" coveredstatements="17" conditionals="10" coveredconditionals="10" methods="2" coveredmethods="2"/>
        <line num="3" count="1" type="stmt"/>
        <line num="5" count="32" type="stmt"/>
        <line num="6" count="32" type="stmt"/>
        <line num="8" count="32" type="stmt"/>
        <line num="10" count="32" type="stmt"/>
        <line num="12" count="32" type="stmt"/>
        <line num="14" count="118" type="stmt"/>
        <line num="15" count="118" type="stmt"/>
        <line num="17" count="118" type="cond" truecount="2" falsecount="0"/>
        <line num="18" count="32" type="stmt"/>
        <line num="20" count="86" type="cond" truecount="2" falsecount="0"/>
        <line num="21" count="16" type="stmt"/>
        <line num="23" count="70" type="cond" truecount="4" falsecount="0"/>
        <line num="24" count="24" type="stmt"/>
        <line num="28" count="46" type="cond" truecount="2" falsecount="0"/>
        <line num="29" count="20" type="stmt"/>
        <line num="33" count="26" type="stmt"/>
      </file>
      <file name="index.js" path="C:\Users\kobys\Desktop\2_project\frontend-project-lvl2\src\index.js">
        <metrics statements="6" coveredstatements="6" conditionals="1" coveredconditionals="1" methods="1" coveredmethods="1"/>
        <line num="6" count="1" type="cond" truecount="1" falsecount="0"/>
        <line num="7" count="8" type="stmt"/>
        <line num="8" count="8" type="stmt"/>
        <line num="10" count="8" type="stmt"/>
        <line num="11" count="8" type="stmt"/>
        <line num="15" count="8" type="stmt"/>
      </file>
    </package>
    <package name="src.formatters">
      <metrics statements="54" coveredstatements="54" conditionals="25" coveredconditionals="25" methods="14" coveredmethods="14"/>
      <file name="getFormat.js" path="C:\Users\kobys\Desktop\2_project\frontend-project-lvl2\src\formatters\getFormat.js">
        <metrics statements="5" coveredstatements="5" conditionals="3" coveredconditionals="3" methods="1" coveredmethods="1"/>
        <line num="5" count="1" type="stmt"/>
        <line num="6" count="8" type="cond" truecount="3" falsecount="0"/>
        <line num="8" count="4" type="stmt"/>
        <line num="11" count="2" type="stmt"/>
        <line num="14" count="2" type="stmt"/>
      </file>
      <file name="json.js" path="C:\Users\kobys\Desktop\2_project\frontend-project-lvl2\src\formatters\json.js">
        <metrics statements="1" coveredstatements="1" conditionals="0" coveredconditionals="0" methods="1" coveredmethods="1"/>
        <line num="1" count="2" type="stmt"/>
      </file>
      <file name="plain.js" path="C:\Users\kobys\Desktop\2_project\frontend-project-lvl2\src\formatters\plain.js">
        <metrics statements="18" coveredstatements="18" conditionals="11" coveredconditionals="11" methods="5" coveredmethods="5"/>
        <line num="3" count="1" type="stmt"/>
        <line num="4" count="26" type="cond" truecount="4" falsecount="0"/>
        <line num="5" count="6" type="stmt"/>
        <line num="7" count="20" type="cond" truecount="2" falsecount="0"/>
        <line num="8" count="14" type="stmt"/>
        <line num="10" count="6" type="stmt"/>
        <line num="13" count="1" type="stmt"/>
        <line num="14" count="10" type="stmt"/>
        <line num="16" count="36" type="stmt"/>
        <line num="18" count="36" type="stmt"/>
        <line num="20" count="36" type="cond" truecount="5" falsecount="0"/>
        <line num="22" count="10" type="stmt"/>
        <line num="24" count="4" type="stmt"/>
        <line num="26" count="6" type="stmt"/>
        <line num="28" count="8" type="stmt"/>
        <line num="30" count="8" type="stmt"/>
        <line num="33" count="36" type="stmt"/>
        <line num="36" count="2" type="stmt"/>
      </file>
      <file name="stylish.js" path="C:\Users\kobys\Desktop\2_project\frontend-project-lvl2\src\formatters\stylish.js">
        <metrics statements="30" coveredstatements="30" conditionals="11" coveredconditionals="11" methods="7" coveredmethods="7"/>
        <line num="3" count="1" type="stmt"/>
        <line num="4" count="1" type="stmt"/>
        <line num="5" count="1" type="stmt"/>
        <line num="6" count="1" type="stmt"/>
        <line num="7" count="1" type="stmt"/>
        <line num="9" count="92" type="stmt"/>
        <line num="10" count="90" type="stmt"/>
        <line num="12" count="1" type="stmt"/>
        <line num="13" count="54" type="cond" truecount="4" falsecount="0"/>
        <line num="14" count="40" type="stmt"/>
        <line num="17" count="14" type="stmt"/>
        <line num="18" count="14" type="stmt"/>
        <line num="20" count="18" type="stmt"/>
        <line num="21" count="18" type="cond" truecount="2" falsecount="0"/>
        <line num="22" count="6" type="stmt"/>
        <line num="24" count="12" type="stmt"/>
        <line num="26" count="14" type="stmt"/>
        <line num="27" count="14" type="stmt"/>
        <line num="31" count="1" type="stmt"/>
        <line num="32" count="12" type="stmt"/>
        <line num="33" count="46" type="stmt"/>
        <line num="35" count="46" type="stmt"/>
        <line num="37" count="46" type="cond" truecount="5" falsecount="0"/>
        <line num="39" count="12" type="stmt"/>
        <line num="41" count="8" type="stmt"/>
        <line num="43" count="8" type="stmt"/>
        <line num="45" count="10" type="stmt"/>
        <line num="47" count="8" type="stmt"/>
        <line num="51" count="12" type="stmt"/>
        <line num="53" count="4" type="stmt"/>
      </file>
    </package>
    <package name="utils">
      <metrics statements="12" coveredstatements="12" conditionals="4" coveredconditionals="3" methods="2" coveredmethods="2"/>
      <file name="getContent.js" path="C:\Users\kobys\Desktop\2_project\frontend-project-lvl2\utils\getContent.js">
        <metrics statements="7" coveredstatements="7" conditionals="0" coveredconditionals="0" methods="1" coveredmethods="1"/>
        <line num="5" count="1" type="stmt"/>
        <line num="6" count="16" type="stmt"/>
        <line num="8" count="16" type="stmt"/>
        <line num="9" count="16" type="stmt"/>
        <line num="11" count="16" type="stmt"/>
        <line num="12" count="16" type="stmt"/>
        <line num="14" count="16" type="stmt"/>
      </file>
      <file name="parsers.js" path="C:\Users\kobys\Desktop\2_project\frontend-project-lvl2\utils\parsers.js">
        <metrics statements="5" coveredstatements="5" conditionals="4" coveredconditionals="3" methods="1" coveredmethods="1"/>
        <line num="4" count="1" type="stmt"/>
        <line num="5" count="16" type="cond" truecount="2" falsecount="0"/>
        <line num="6" count="8" type="stmt"/>
        <line num="8" count="8" type="cond" truecount="1" falsecount="1"/>
        <line num="9" count="8" type="stmt"/>
      </file>
    </package>
  </project>
</coverage>
