{"C:\\Users\\kobys\\Desktop\\2_project\\frontend-project-lvl2\\src\\getComparisons.js": {"path":"C:\\Users\\kobys\\Desktop\\2_project\\frontend-project-lvl2\\src\\getComparisons.js","statementMap":{"0":{"start":{"line":3,"column":23},"end":{"line":35,"column":1}},"1":{"start":{"line":5,"column":24},"end":{"line":5,"column":39}},"2":{"start":{"line":6,"column":24},"end":{"line":6,"column":39}},"3":{"start":{"line":8,"column":18},"end":{"line":8,"column":55}},"4":{"start":{"line":10,"column":21},"end":{"line":10,"column":38}},"5":{"start":{"line":12,"column":2},"end":{"line":34,"column":5}},"6":{"start":{"line":14,"column":27},"end":{"line":14,"column":39}},"7":{"start":{"line":15,"column":27},"end":{"line":15,"column":39}},"8":{"start":{"line":17,"column":4},"end":{"line":19,"column":5}},"9":{"start":{"line":18,"column":6},"end":{"line":18,"column":65}},"10":{"start":{"line":20,"column":4},"end":{"line":22,"column":5}},"11":{"start":{"line":21,"column":6},"end":{"line":21,"column":67}},"12":{"start":{"line":23,"column":4},"end":{"line":27,"column":5}},"13":{"start":{"line":24,"column":6},"end":{"line":26,"column":8}},"14":{"start":{"line":28,"column":4},"end":{"line":32,"column":5}},"15":{"start":{"line":29,"column":6},"end":{"line":31,"column":8}},"16":{"start":{"line":33,"column":4},"end":{"line":33,"column":99}}},"fnMap":{"0":{"name":"(anonymous_0)","decl":{"start":{"line":3,"column":23},"end":{"line":3,"column":24}},"loc":{"start":{"line":3,"column":45},"end":{"line":35,"column":1}},"line":3},"1":{"name":"(anonymous_1)","decl":{"start":{"line":12,"column":24},"end":{"line":12,"column":25}},"loc":{"start":{"line":12,"column":33},"end":{"line":34,"column":3}},"line":12}},"branchMap":{"0":{"loc":{"start":{"line":17,"column":4},"end":{"line":19,"column":5}},"type":"if","locations":[{"start":{"line":17,"column":4},"end":{"line":19,"column":5}},{"start":{},"end":{}}],"line":17},"1":{"loc":{"start":{"line":20,"column":4},"end":{"line":22,"column":5}},"type":"if","locations":[{"start":{"line":20,"column":4},"end":{"line":22,"column":5}},{"start":{},"end":{}}],"line":20},"2":{"loc":{"start":{"line":23,"column":4},"end":{"line":27,"column":5}},"type":"if","locations":[{"start":{"line":23,"column":4},"end":{"line":27,"column":5}},{"start":{},"end":{}}],"line":23},"3":{"loc":{"start":{"line":23,"column":8},"end":{"line":23,"column":74}},"type":"binary-expr","locations":[{"start":{"line":23,"column":8},"end":{"line":23,"column":39}},{"start":{"line":23,"column":43},"end":{"line":23,"column":74}}],"line":23},"4":{"loc":{"start":{"line":28,"column":4},"end":{"line":32,"column":5}},"type":"if","locations":[{"start":{"line":28,"column":4},"end":{"line":32,"column":5}},{"start":{},"end":{}}],"line":28}},"s":{"0":1,"1":32,"2":32,"3":32,"4":32,"5":32,"6":118,"7":118,"8":118,"9":32,"10":86,"11":16,"12":70,"13":24,"14":46,"15":20,"16":26},"f":{"0":32,"1":118},"b":{"0":[32,86],"1":[16,70],"2":[24,46],"3":[70,30],"4":[20,26]},"_coverageSchema":"1a1c01bbd47fc00a2c39e90264f33305004495a9","hash":"a52e61aadb026dd85b529ad38af65ac99bdb7ad3"}
,"C:\\Users\\kobys\\Desktop\\2_project\\frontend-project-lvl2\\src\\index.js": {"path":"C:\\Users\\kobys\\Desktop\\2_project\\frontend-project-lvl2\\src\\index.js","statementMap":{"0":{"start":{"line":6,"column":16},"end":{"line":16,"column":1}},"1":{"start":{"line":7,"column":19},"end":{"line":7,"column":40}},"2":{"start":{"line":8,"column":19},"end":{"line":8,"column":40}},"3":{"start":{"line":10,"column":21},"end":{"line":10,"column":55}},"4":{"start":{"line":11,"column":17},"end":{"line":11,"column":50}},"5":{"start":{"line":15,"column":2},"end":{"line":15,"column":16}}},"fnMap":{"0":{"name":"(anonymous_0)","decl":{"start":{"line":6,"column":16},"end":{"line":6,"column":17}},"loc":{"start":{"line":6,"column":66},"end":{"line":16,"column":1}},"line":6}},"branchMap":{"0":{"loc":{"start":{"line":6,"column":39},"end":{"line":6,"column":61}},"type":"default-arg","locations":[{"start":{"line":6,"column":52},"end":{"line":6,"column":61}}],"line":6}},"s":{"0":1,"1":8,"2":8,"3":8,"4":8,"5":8},"f":{"0":8},"b":{"0":[4]},"_coverageSchema":"1a1c01bbd47fc00a2c39e90264f33305004495a9","hash":"79344ea72d31213def946f1c93ae1b17e8b7c94f"}
,"C:\\Users\\kobys\\Desktop\\2_project\\frontend-project-lvl2\\src\\formatters\\getFormat.js": {"path":"C:\\Users\\kobys\\Desktop\\2_project\\frontend-project-lvl2\\src\\formatters\\getFormat.js","statementMap":{"0":{"start":{"line":5,"column":18},"end":{"line":17,"column":1}},"1":{"start":{"line":6,"column":2},"end":{"line":16,"column":3}},"2":{"start":{"line":8,"column":6},"end":{"line":8,"column":33}},"3":{"start":{"line":11,"column":6},"end":{"line":11,"column":31}},"4":{"start":{"line":14,"column":6},"end":{"line":14,"column":30}}},"fnMap":{"0":{"name":"(anonymous_0)","decl":{"start":{"line":5,"column":18},"end":{"line":5,"column":19}},"loc":{"start":{"line":5,"column":46},"end":{"line":17,"column":1}},"line":5}},"branchMap":{"0":{"loc":{"start":{"line":6,"column":2},"end":{"line":16,"column":3}},"type":"switch","locations":[{"start":{"line":7,"column":4},"end":{"line":8,"column":33}},{"start":{"line":10,"column":4},"end":{"line":11,"column":31}},{"start":{"line":13,"column":4},"end":{"line":14,"column":30}}],"line":6}},"s":{"0":1,"1":8,"2":4,"3":2,"4":2},"f":{"0":8},"b":{"0":[4,2,2]},"_coverageSchema":"1a1c01bbd47fc00a2c39e90264f33305004495a9","hash":"bd7bd0865189b7c6083834d06bed01263336c8e0"}
,"C:\\Users\\kobys\\Desktop\\2_project\\frontend-project-lvl2\\src\\formatters\\json.js": {"path":"C:\\Users\\kobys\\Desktop\\2_project\\frontend-project-lvl2\\src\\formatters\\json.js","statementMap":{"0":{"start":{"line":1,"column":13},"end":{"line":1,"column":45}},"1":{"start":{"line":1,"column":24},"end":{"line":1,"column":45}}},"fnMap":{"0":{"name":"(anonymous_0)","decl":{"start":{"line":1,"column":13},"end":{"line":1,"column":14}},"loc":{"start":{"line":1,"column":24},"end":{"line":1,"column":45}},"line":1}},"branchMap":{},"s":{"0":1,"1":2},"f":{"0":2},"b":{},"_coverageSchema":"1a1c01bbd47fc00a2c39e90264f33305004495a9","hash":"638dc5cf5cacbbe6d25309013626523181e61f07"}
,"C:\\Users\\kobys\\Desktop\\2_project\\frontend-project-lvl2\\src\\formatters\\plain.js": {"path":"C:\\Users\\kobys\\Desktop\\2_project\\frontend-project-lvl2\\src\\formatters\\plain.js","statementMap":{"0":{"start":{"line":3,"column":17},"end":{"line":11,"column":1}},"1":{"start":{"line":4,"column":2},"end":{"line":6,"column":3}},"2":{"start":{"line":5,"column":4},"end":{"line":5,"column":29}},"3":{"start":{"line":7,"column":2},"end":{"line":9,"column":3}},"4":{"start":{"line":8,"column":4},"end":{"line":8,"column":24}},"5":{"start":{"line":10,"column":2},"end":{"line":10,"column":15}},"6":{"start":{"line":13,"column":13},"end":{"line":34,"column":1}},"7":{"start":{"line":14,"column":17},"end":{"line":32,"column":4}},"8":{"start":{"line":16,"column":70},"end":{"line":16,"column":80}},"9":{"start":{"line":18,"column":21},"end":{"line":18,"column":50}},"10":{"start":{"line":20,"column":4},"end":{"line":31,"column":5}},"11":{"start":{"line":22,"column":8},"end":{"line":22,"column":80}},"12":{"start":{"line":24,"column":8},"end":{"line":24,"column":51}},"13":{"start":{"line":26,"column":8},"end":{"line":26,"column":20}},"14":{"start":{"line":28,"column":8},"end":{"line":28,"column":109}},"15":{"start":{"line":30,"column":8},"end":{"line":30,"column":39}},"16":{"start":{"line":33,"column":2},"end":{"line":33,"column":63}},"17":{"start":{"line":33,"column":35},"end":{"line":33,"column":50}},"18":{"start":{"line":36,"column":14},"end":{"line":36,"column":38}},"19":{"start":{"line":36,"column":24},"end":{"line":36,"column":38}}},"fnMap":{"0":{"name":"(anonymous_0)","decl":{"start":{"line":3,"column":17},"end":{"line":3,"column":18}},"loc":{"start":{"line":3,"column":28},"end":{"line":11,"column":1}},"line":3},"1":{"name":"(anonymous_1)","decl":{"start":{"line":13,"column":13},"end":{"line":13,"column":14}},"loc":{"start":{"line":13,"column":29},"end":{"line":34,"column":1}},"line":13},"2":{"name":"(anonymous_2)","decl":{"start":{"line":14,"column":26},"end":{"line":14,"column":27}},"loc":{"start":{"line":14,"column":42},"end":{"line":32,"column":3}},"line":14},"3":{"name":"(anonymous_3)","decl":{"start":{"line":33,"column":23},"end":{"line":33,"column":24}},"loc":{"start":{"line":33,"column":35},"end":{"line":33,"column":50}},"line":33},"4":{"name":"(anonymous_4)","decl":{"start":{"line":36,"column":14},"end":{"line":36,"column":15}},"loc":{"start":{"line":36,"column":24},"end":{"line":36,"column":38}},"line":36}},"branchMap":{"0":{"loc":{"start":{"line":4,"column":2},"end":{"line":6,"column":3}},"type":"if","locations":[{"start":{"line":4,"column":2},"end":{"line":6,"column":3}},{"start":{},"end":{}}],"line":4},"1":{"loc":{"start":{"line":4,"column":6},"end":{"line":4,"column":46}},"type":"binary-expr","locations":[{"start":{"line":4,"column":6},"end":{"line":4,"column":28}},{"start":{"line":4,"column":32},"end":{"line":4,"column":46}}],"line":4},"2":{"loc":{"start":{"line":7,"column":2},"end":{"line":9,"column":3}},"type":"if","locations":[{"start":{"line":7,"column":2},"end":{"line":9,"column":3}},{"start":{},"end":{}}],"line":7},"3":{"loc":{"start":{"line":20,"column":4},"end":{"line":31,"column":5}},"type":"switch","locations":[{"start":{"line":21,"column":6},"end":{"line":22,"column":80}},{"start":{"line":23,"column":6},"end":{"line":24,"column":51}},{"start":{"line":25,"column":6},"end":{"line":26,"column":20}},{"start":{"line":27,"column":6},"end":{"line":28,"column":109}},{"start":{"line":29,"column":6},"end":{"line":30,"column":39}}],"line":20}},"s":{"0":1,"1":26,"2":6,"3":20,"4":14,"5":6,"6":1,"7":10,"8":36,"9":36,"10":36,"11":10,"12":4,"13":6,"14":8,"15":8,"16":10,"17":36,"18":1,"19":2},"f":{"0":26,"1":10,"2":36,"3":36,"4":2},"b":{"0":[6,20],"1":[26,6],"2":[14,6],"3":[10,4,6,8,8]},"_coverageSchema":"1a1c01bbd47fc00a2c39e90264f33305004495a9","hash":"cdd5abcc4498408150128db27cb012ccb80f43d2"}
,"C:\\Users\\kobys\\Desktop\\2_project\\frontend-project-lvl2\\src\\formatters\\stylish.js": {"path":"C:\\Users\\kobys\\Desktop\\2_project\\frontend-project-lvl2\\src\\formatters\\stylish.js","statementMap":{"0":{"start":{"line":3,"column":15},"end":{"line":3,"column":18}},"1":{"start":{"line":4,"column":20},"end":{"line":4,"column":21}},"2":{"start":{"line":5,"column":18},"end":{"line":5,"column":21}},"3":{"start":{"line":6,"column":20},"end":{"line":6,"column":23}},"4":{"start":{"line":7,"column":22},"end":{"line":7,"column":25}},"5":{"start":{"line":9,"column":17},"end":{"line":9,"column":47}},"6":{"start":{"line":9,"column":28},"end":{"line":9,"column":47}},"7":{"start":{"line":10,"column":18},"end":{"line":10,"column":41}},"8":{"start":{"line":10,"column":25},"end":{"line":10,"column":41}},"9":{"start":{"line":12,"column":17},"end":{"line":28,"column":1}},"10":{"start":{"line":13,"column":2},"end":{"line":15,"column":3}},"11":{"start":{"line":14,"column":4},"end":{"line":14,"column":25}},"12":{"start":{"line":17,"column":15},"end":{"line":17,"column":28}},"13":{"start":{"line":18,"column":17},"end":{"line":25,"column":4}},"14":{"start":{"line":20,"column":27},"end":{"line":20,"column":57}},"15":{"start":{"line":21,"column":4},"end":{"line":23,"column":5}},"16":{"start":{"line":22,"column":6},"end":{"line":22,"column":87}},"17":{"start":{"line":24,"column":4},"end":{"line":24,"column":54}},"18":{"start":{"line":26,"column":25},"end":{"line":26,"column":55}},"19":{"start":{"line":27,"column":2},"end":{"line":27,"column":59}},"20":{"start":{"line":31,"column":13},"end":{"line":52,"column":1}},"21":{"start":{"line":32,"column":17},"end":{"line":49,"column":4}},"22":{"start":{"line":33,"column":70},"end":{"line":33,"column":80}},"23":{"start":{"line":35,"column":26},"end":{"line":35,"column":60}},"24":{"start":{"line":37,"column":4},"end":{"line":48,"column":5}},"25":{"start":{"line":39,"column":8},"end":{"line":39,"column":81}},"26":{"start":{"line":41,"column":8},"end":{"line":41,"column":83}},"27":{"start":{"line":43,"column":8},"end":{"line":43,"column":85}},"28":{"start":{"line":45,"column":8},"end":{"line":45,"column":148}},"29":{"start":{"line":47,"column":8},"end":{"line":47,"column":98}},"30":{"start":{"line":51,"column":2},"end":{"line":51,"column":61}},"31":{"start":{"line":53,"column":16},"end":{"line":53,"column":39}},"32":{"start":{"line":53,"column":26},"end":{"line":53,"column":39}}},"fnMap":{"0":{"name":"(anonymous_0)","decl":{"start":{"line":9,"column":17},"end":{"line":9,"column":18}},"loc":{"start":{"line":9,"column":28},"end":{"line":9,"column":47}},"line":9},"1":{"name":"(anonymous_1)","decl":{"start":{"line":10,"column":18},"end":{"line":10,"column":19}},"loc":{"start":{"line":10,"column":25},"end":{"line":10,"column":41}},"line":10},"2":{"name":"(anonymous_2)","decl":{"start":{"line":12,"column":17},"end":{"line":12,"column":18}},"loc":{"start":{"line":12,"column":35},"end":{"line":28,"column":1}},"line":12},"3":{"name":"(anonymous_3)","decl":{"start":{"line":18,"column":26},"end":{"line":18,"column":27}},"loc":{"start":{"line":18,"column":36},"end":{"line":25,"column":3}},"line":18},"4":{"name":"(anonymous_4)","decl":{"start":{"line":31,"column":13},"end":{"line":31,"column":14}},"loc":{"start":{"line":31,"column":30},"end":{"line":52,"column":1}},"line":31},"5":{"name":"(anonymous_5)","decl":{"start":{"line":32,"column":26},"end":{"line":32,"column":27}},"loc":{"start":{"line":32,"column":42},"end":{"line":49,"column":3}},"line":32},"6":{"name":"(anonymous_6)","decl":{"start":{"line":53,"column":16},"end":{"line":53,"column":17}},"loc":{"start":{"line":53,"column":26},"end":{"line":53,"column":39}},"line":53}},"branchMap":{"0":{"loc":{"start":{"line":13,"column":2},"end":{"line":15,"column":3}},"type":"if","locations":[{"start":{"line":13,"column":2},"end":{"line":15,"column":3}},{"start":{},"end":{}}],"line":13},"1":{"loc":{"start":{"line":13,"column":6},"end":{"line":13,"column":47}},"type":"binary-expr","locations":[{"start":{"line":13,"column":6},"end":{"line":13,"column":29}},{"start":{"line":13,"column":33},"end":{"line":13,"column":47}}],"line":13},"2":{"loc":{"start":{"line":21,"column":4},"end":{"line":23,"column":5}},"type":"if","locations":[{"start":{"line":21,"column":4},"end":{"line":23,"column":5}},{"start":{},"end":{}}],"line":21},"3":{"loc":{"start":{"line":37,"column":4},"end":{"line":48,"column":5}},"type":"switch","locations":[{"start":{"line":38,"column":6},"end":{"line":39,"column":81}},{"start":{"line":40,"column":6},"end":{"line":41,"column":83}},{"start":{"line":42,"column":6},"end":{"line":43,"column":85}},{"start":{"line":44,"column":6},"end":{"line":45,"column":148}},{"start":{"line":46,"column":6},"end":{"line":47,"column":98}}],"line":37}},"s":{"0":1,"1":1,"2":1,"3":1,"4":1,"5":1,"6":92,"7":1,"8":90,"9":1,"10":54,"11":40,"12":14,"13":14,"14":18,"15":18,"16":6,"17":12,"18":14,"19":14,"20":1,"21":12,"22":46,"23":46,"24":46,"25":12,"26":8,"27":8,"28":10,"29":8,"30":12,"31":1,"32":4},"f":{"0":92,"1":90,"2":54,"3":18,"4":12,"5":46,"6":4},"b":{"0":[40,14],"1":[54,14],"2":[6,12],"3":[12,8,8,10,8]},"_coverageSchema":"1a1c01bbd47fc00a2c39e90264f33305004495a9","hash":"1609edda3c10c93134503e9f823b5fd9bed918b4"}
,"C:\\Users\\kobys\\Desktop\\2_project\\frontend-project-lvl2\\utils\\getContent.js": {"path":"C:\\Users\\kobys\\Desktop\\2_project\\frontend-project-lvl2\\utils\\getContent.js","statementMap":{"0":{"start":{"line":5,"column":19},"end":{"line":15,"column":1}},"1":{"start":{"line":6,"column":21},"end":{"line":6,"column":52}},"2":{"start":{"line":8,"column":14},"end":{"line":8,"column":27}},"3":{"start":{"line":9,"column":23},"end":{"line":9,"column":50}},"4":{"start":{"line":11,"column":18},"end":{"line":11,"column":56}},"5":{"start":{"line":12,"column":24},"end":{"line":12,"column":50}},"6":{"start":{"line":14,"column":2},"end":{"line":14,"column":23}}},"fnMap":{"0":{"name":"(anonymous_0)","decl":{"start":{"line":5,"column":19},"end":{"line":5,"column":20}},"loc":{"start":{"line":5,"column":33},"end":{"line":15,"column":1}},"line":5}},"branchMap":{},"s":{"0":1,"1":16,"2":16,"3":16,"4":16,"5":16,"6":16},"f":{"0":16},"b":{},"_coverageSchema":"1a1c01bbd47fc00a2c39e90264f33305004495a9","hash":"5d95aa0c88baeaa07891823d70e676c6ee7a7004"}
,"C:\\Users\\kobys\\Desktop\\2_project\\frontend-project-lvl2\\utils\\parsers.js": {"path":"C:\\Users\\kobys\\Desktop\\2_project\\frontend-project-lvl2\\utils\\parsers.js","statementMap":{"0":{"start":{"line":4,"column":14},"end":{"line":11,"column":1}},"1":{"start":{"line":5,"column":2},"end":{"line":7,"column":3}},"2":{"start":{"line":6,"column":4},"end":{"line":6,"column":28}},"3":{"start":{"line":8,"column":2},"end":{"line":10,"column":3}},"4":{"start":{"line":9,"column":4},"end":{"line":9,"column":27}}},"fnMap":{"0":{"name":"(anonymous_0)","decl":{"start":{"line":4,"column":14},"end":{"line":4,"column":15}},"loc":{"start":{"line":4,"column":36},"end":{"line":11,"column":1}},"line":4}},"branchMap":{"0":{"loc":{"start":{"line":5,"column":2},"end":{"line":7,"column":3}},"type":"if","locations":[{"start":{"line":5,"column":2},"end":{"line":7,"column":3}},{"start":{},"end":{}}],"line":5},"1":{"loc":{"start":{"line":8,"column":2},"end":{"line":10,"column":3}},"type":"if","locations":[{"start":{"line":8,"column":2},"end":{"line":10,"column":3}},{"start":{},"end":{}}],"line":8}},"s":{"0":1,"1":16,"2":8,"3":8,"4":8},"f":{"0":16},"b":{"0":[8,8],"1":[8,0]},"_coverageSchema":"1a1c01bbd47fc00a2c39e90264f33305004495a9","hash":"658652c7068e93cfc6c17ac44ffbe48ca32a1292"}
}
