TN:
SF:src\getComparisons.js
FN:3,(anonymous_0)
FN:12,(anonymous_1)
FNF:2
FNH:2
FNDA:32,(anonymous_0)
FNDA:118,(anonymous_1)
DA:3,1
DA:5,32
DA:6,32
DA:8,32
DA:10,32
DA:12,32
DA:14,118
DA:15,118
DA:17,118
DA:18,32
DA:20,86
DA:21,16
DA:23,70
DA:24,24
DA:28,46
DA:29,20
DA:33,26
LF:17
LH:17
BRDA:17,0,0,32
BRDA:17,0,1,86
BRDA:20,1,0,16
BRDA:20,1,1,70
BRDA:23,2,0,24
BRDA:23,2,1,46
BRDA:23,3,0,70
BRDA:23,3,1,30
BRDA:28,4,0,20
BRDA:28,4,1,26
BRF:10
BRH:10
end_of_record
TN:
SF:src\index.js
FN:6,(anonymous_0)
FNF:1
FNH:1
FNDA:8,(anonymous_0)
DA:6,1
DA:7,8
DA:8,8
DA:10,8
DA:11,8
DA:15,8
LF:6
LH:6
BRDA:6,0,0,4
BRF:1
BRH:1
end_of_record
TN:
SF:src\formatters\getFormat.js
FN:5,(anonymous_0)
FNF:1
FNH:1
FNDA:8,(anonymous_0)
DA:5,1
DA:6,8
DA:8,4
DA:11,2
DA:14,2
LF:5
LH:5
BRDA:6,0,0,4
BRDA:6,0,1,2
BRDA:6,0,2,2
BRF:3
BRH:3
end_of_record
TN:
SF:src\formatters\json.js
FN:1,(anonymous_0)
FNF:1
FNH:1
FNDA:2,(anonymous_0)
DA:1,2
LF:1
LH:1
BRF:0
BRH:0
end_of_record
TN:
SF:src\formatters\plain.js
FN:3,(anonymous_0)
FN:13,(anonymous_1)
FN:14,(anonymous_2)
FN:33,(anonymous_3)
FN:36,(anonymous_4)
FNF:5
FNH:5
FNDA:26,(anonymous_0)
FNDA:10,(anonymous_1)
FNDA:36,(anonymous_2)
FNDA:36,(anonymous_3)
FNDA:2,(anonymous_4)
DA:3,1
DA:4,26
DA:5,6
DA:7,20
DA:8,14
DA:10,6
DA:13,1
DA:14,10
DA:16,36
DA:18,36
DA:20,36
DA:22,10
DA:24,4
DA:26,6
DA:28,8
DA:30,8
DA:33,36
DA:36,2
LF:18
LH:18
BRDA:4,0,0,6
BRDA:4,0,1,20
BRDA:4,1,0,26
BRDA:4,1,1,6
BRDA:7,2,0,14
BRDA:7,2,1,6
BRDA:20,3,0,10
BRDA:20,3,1,4
BRDA:20,3,2,6
BRDA:20,3,3,8
BRDA:20,3,4,8
BRF:11
BRH:11
end_of_record
TN:
SF:src\formatters\stylish.js
FN:9,(anonymous_0)
FN:10,(anonymous_1)
FN:12,(anonymous_2)
FN:18,(anonymous_3)
FN:31,(anonymous_4)
FN:32,(anonymous_5)
FN:53,(anonymous_6)
FNF:7
FNH:7
FNDA:92,(anonymous_0)
FNDA:90,(anonymous_1)
FNDA:54,(anonymous_2)
FNDA:18,(anonymous_3)
FNDA:12,(anonymous_4)
FNDA:46,(anonymous_5)
FNDA:4,(anonymous_6)
DA:3,1
DA:4,1
DA:5,1
DA:6,1
DA:7,1
DA:9,92
DA:10,90
DA:12,1
DA:13,54
DA:14,40
DA:17,14
DA:18,14
DA:20,18
DA:21,18
DA:22,6
DA:24,12
DA:26,14
DA:27,14
DA:31,1
DA:32,12
DA:33,46
DA:35,46
DA:37,46
DA:39,12
DA:41,8
DA:43,8
DA:45,10
DA:47,8
DA:51,12
DA:53,4
LF:30
LH:30
BRDA:13,0,0,40
BRDA:13,0,1,14
BRDA:13,1,0,54
BRDA:13,1,1,14
BRDA:21,2,0,6
BRDA:21,2,1,12
BRDA:37,3,0,12
BRDA:37,3,1,8
BRDA:37,3,2,8
BRDA:37,3,3,10
BRDA:37,3,4,8
BRF:11
BRH:11
end_of_record
TN:
SF:utils\getContent.js
FN:5,(anonymous_0)
FNF:1
FNH:1
FNDA:16,(anonymous_0)
DA:5,1
DA:6,16
DA:8,16
DA:9,16
DA:11,16
DA:12,16
DA:14,16
LF:7
LH:7
BRF:0
BRH:0
end_of_record
TN:
SF:utils\parsers.js
FN:4,(anonymous_0)
FNF:1
FNH:1
FNDA:16,(anonymous_0)
DA:4,1
DA:5,16
DA:6,8
DA:8,8
DA:9,8
LF:5
LH:5
BRDA:5,0,0,8
BRDA:5,0,1,8
BRDA:8,1,0,8
BRDA:8,1,1,0
BRF:4
BRH:3
end_of_record
